# JRE version: OpenJDK Runtime Environment JBR-17.0.6+10-829.9-nomod (17.0.6+10) (build 17.0.6+10-b829.9)
# Java VM: OpenJDK 64-Bit Server VM JBR-17.0.6+10-829.9-nomod (17.0.6+10-b829.9, mixed mode, tiered, compressed oops, compressed class ptrs, g1 gc, windows-amd64)
GC Precious Log:
 CPUs: 4 total, 4 available
 Memory: 7837M
 Large Page Support: Disabled
 NUMA Support: Disabled
 Compressed Oops: Enabled (32-bit)
 Heap Region Size: 1M
 Heap Min Capacity: 8M
 Heap Initial Capacity: 124M
 Heap Max Capacity: 2G
 Pre-touch: Disabled
 Parallel Workers: 4
 Concurrent Workers: 1
 Concurrent Refinement Workers: 4
 Periodic GC: Disabled
Heap:
 garbage-first heap   total 318464K, used 130499K [0x0000000080000000, 0x0000000100000000)
  region size 1024K, 1 young (1024K), 1 survivors (1024K)
 Metaspace       used 148039K, committed 149184K, reserved 1179648K
  class space    used 19770K, committed 20288K, reserved 1048576K
GC Heap History (20 events):
Event: 665.923 GC heap after
{Heap after GC invocations=67 (full 0):
 garbage-first heap   total 318464K, used 135599K [0x0000000080000000, 0x0000000100000000)
  region size 1024K, 2 young (2048K), 2 survivors (2048K)
 Metaspace       used 146293K, committed 147264K, reserved 1179648K
  class space    used 19686K, committed 20160K, reserved 1048576K
}
Event: 680.359 GC heap before
{Heap before GC invocations=67 (full 0):
 garbage-first heap   total 318464K, used 246191K [0x0000000080000000, 0x0000000100000000)
  region size 1024K, 111 young (113664K), 2 survivors (2048K)
 Metaspace       used 146724K, committed 147776K, reserved 1179648K
  class space    used 19723K, committed 20224K, reserved 1048576K
}
Event: 680.427 GC heap after
{Heap after GC invocations=68 (full 0):
 garbage-first heap   total 318464K, used 145503K [0x0000000080000000, 0x0000000100000000)
  region size 1024K, 12 young (12288K), 12 survivors (12288K)
 Metaspace       used 146724K, committed 147776K, reserved 1179648K
  class space    used 19723K, committed 20224K, reserved 1048576K
}
Event: 684.688 GC heap before
{Heap before GC invocations=69 (full 0):
 garbage-first heap   total 318464K, used 254047K [0x0000000080000000, 0x0000000100000000)
  region size 1024K, 115 young (117760K), 12 survivors (12288K)
 Metaspace       used 147085K, committed 148160K, reserved 1179648K
  class space    used 19736K, committed 20224K, reserved 1048576K
}
Event: 684.762 GC heap after
{Heap after GC invocations=70 (full 0):
 garbage-first heap   total 318464K, used 162737K [0x0000000080000000, 0x0000000100000000)
  region size 1024K, 15 young (15360K), 15 survivors (15360K)
 Metaspace       used 147085K, committed 148160K, reserved 1179648K
  class space    used 19736K, committed 20224K, reserved 1048576K
}
Event: 684.778 GC heap before
{Heap before GC invocations=70 (full 0):
 garbage-first heap   total 318464K, used 163761K [0x0000000080000000, 0x0000000100000000)
  region size 1024K, 16 young (16384K), 15 survivors (15360K)
 Metaspace       used 147085K, committed 148160K, reserved 1179648K
  class space    used 19736K, committed 20224K, reserved 1048576K
}
Event: 684.822 GC heap after
{Heap after GC invocations=71 (full 0):
 garbage-first heap   total 318464K, used 156106K [0x0000000080000000, 0x0000000100000000)
  region size 1024K, 2 young (2048K), 2 survivors (2048K)
 Metaspace       used 147085K, committed 148160K, reserved 1179648K
  class space    used 19736K, committed 20224K, reserved 1048576K
}
Event: 685.394 GC heap before
{Heap before GC invocations=71 (full 0):
 garbage-first heap   total 318464K, used 203210K [0x0000000080000000, 0x0000000100000000)
  region size 1024K, 50 young (51200K), 2 survivors (2048K)
 Metaspace       used 147306K, committed 148352K, reserved 1179648K
  class space    used 19736K, committed 20224K, reserved 1048576K
}
Event: 685.410 GC heap after
{Heap after GC invocations=72 (full 0):
 garbage-first heap   total 318464K, used 159865K [0x0000000080000000, 0x0000000100000000)
  region size 1024K, 6 young (6144K), 6 survivors (6144K)
 Metaspace       used 147306K, committed 148352K, reserved 1179648K
  class space    used 19736K, committed 20224K, reserved 1048576K
}
Event: 866.378 GC heap before
{Heap before GC invocations=73 (full 0):
 garbage-first heap   total 318464K, used 252025K [0x0000000080000000, 0x0000000100000000)
  region size 1024K, 96 young (98304K), 6 survivors (6144K)
 Metaspace       used 147652K, committed 148800K, reserved 1179648K
  class space    used 19751K, committed 20288K, reserved 1048576K
}
Event: 866.418 GC heap after
{Heap after GC invocations=74 (full 0):
 garbage-first heap   total 318464K, used 161884K [0x0000000080000000, 0x0000000100000000)
  region size 1024K, 10 young (10240K), 10 survivors (10240K)
 Metaspace       used 147652K, committed 148800K, reserved 1179648K
  class space    used 19751K, committed 20288K, reserved 1048576K
}
Event: 866.493 GC heap before
{Heap before GC invocations=74 (full 0):
 garbage-first heap   total 318464K, used 165980K [0x0000000080000000, 0x0000000100000000)
  region size 1024K, 15 young (15360K), 10 survivors (10240K)
 Metaspace       used 147658K, committed 148800K, reserved 1179648K
  class space    used 19751K, committed 20288K, reserved 1048576K
}
Event: 866.583 GC heap after
{Heap after GC invocations=75 (full 0):
 garbage-first heap   total 318464K, used 153797K [0x0000000080000000, 0x0000000100000000)
  region size 1024K, 2 young (2048K), 2 survivors (2048K)
 Metaspace       used 147658K, committed 148800K, reserved 1179648K
  class space    used 19751K, committed 20288K, reserved 1048576K
}
Event: 871.764 GC heap before
{Heap before GC invocations=75 (full 0):
 garbage-first heap   total 318464K, used 183493K [0x0000000080000000, 0x0000000100000000)
  region size 1024K, 33 young (33792K), 2 survivors (2048K)
 Metaspace       used 147733K, committed 148864K, reserved 1179648K
  class space    used 19752K, committed 20288K, reserved 1048576K
}
Event: 871.773 GC heap after
{Heap after GC invocations=76 (full 0):
 garbage-first heap   total 318464K, used 154076K [0x0000000080000000, 0x0000000100000000)
  region size 1024K, 2 young (2048K), 2 survivors (2048K)
 Metaspace       used 147733K, committed 148864K, reserved 1179648K
  class space    used 19752K, committed 20288K, reserved 1048576K
}
Event: 873.436 GC heap before
{Heap before GC invocations=77 (full 0):
 garbage-first heap   total 318464K, used 256476K [0x0000000080000000, 0x0000000100000000)
  region size 1024K, 104 young (106496K), 2 survivors (2048K)
 Metaspace       used 147936K, committed 149056K, reserved 1179648K
  class space    used 19755K, committed 20288K, reserved 1048576K
}
Event: 873.442 GC heap after
{Heap after GC invocations=78 (full 0):
 garbage-first heap   total 318464K, used 148157K [0x0000000080000000, 0x0000000100000000)
  region size 1024K, 2 young (2048K), 2 survivors (2048K)
 Metaspace       used 147936K, committed 149056K, reserved 1179648K
  class space    used 19755K, committed 20288K, reserved 1048576K
}
Event: 873.730 GC heap before
{Heap before GC invocations=78 (full 0):
 garbage-first heap   total 318464K, used 161469K [0x0000000080000000, 0x0000000100000000)
  region size 1024K, 15 young (15360K), 2 survivors (2048K)
 Metaspace       used 147971K, committed 149056K, reserved 1179648K
  class space    used 19757K, committed 20288K, reserved 1048576K
}
Event: 873.744 GC heap after
{Heap after GC invocations=79 (full 0):
 garbage-first heap   total 318464K, used 131421K [0x0000000080000000, 0x0000000100000000)
  region size 1024K, 2 young (2048K), 2 survivors (2048K)
 Metaspace       used 147971K, committed 149056K, reserved 1179648K
  class space    used 19757K, committed 20288K, reserved 1048576K
}
Event: 906.393 GC heap before
{Heap before GC invocations=79 (full 0):
 garbage-first heap   total 318464K, used 144733K [0x0000000080000000, 0x0000000100000000)
  region size 1024K, 17 young (17408K), 2 survivors (2048K)
 Metaspace       used 148039K, committed 149184K, reserved 1179648K
  class space    used 19770K, committed 20288K, reserved 1048576K
}

